App-SpaceInvaders4-master/SpaceInvaders-master/app/build/outputs/logs/manifest-merger-debug-report.txt
-- Merging decision tree log ---
manifest
ADDED from src\main\AndroidManifest.xml:2:1-63:12
	package
		ADDED from src\main\AndroidManifest.xml:3:5-46
		INJECTED from src\main\AndroidManifest.xml
		INJECTED from src\main\AndroidManifest.xml
	android:versionName
		INJECTED from src\main\AndroidManifest.xml
		INJECTED from src\main\AndroidManifest.xml
	xmlns:android
		ADDED from src\main\AndroidManifest.xml:2:11-69
	android:versionCode
		INJECTED from src\main\AndroidManifest.xml
		INJECTED from src\main\AndroidManifest.xml
application
ADDED from src\main\AndroidManifest.xml:5:5-61:19
MERGED from [com.android.support:appcompat-v7:24.2.1] AndroidManifest.xml:25:5-20
MERGED from [com.android.support:support-v4:24.2.1] AndroidManifest.xml:25:5-20
MERGED from [com.android.support:support-fragment:24.2.1] AndroidManifest.xml:25:5-20
MERGED from [com.android.support:support-media-compat:24.2.1] AndroidManifest.xml:25:5-20
MERGED from [com.android.support:support-core-ui:24.2.1] AndroidManifest.xml:25:5-20
MERGED from [com.android.support:support-core-utils:24.2.1] AndroidManifest.xml:25:5-20
MERGED from [com.android.support:animated-vector-drawable:24.2.1] AndroidManifest.xml:22:5-20
MERGED from [com.android.support:support-vector-drawable:24.2.1] AndroidManifest.xml:23:5-20
MERGED from [com.android.support:support-compat:24.2.1] AndroidManifest.xml:25:5-20
	android:label
		ADDED from src\main\AndroidManifest.xml:8:9-41
	android:supportsRtl
		ADDED from src\main\AndroidManifest.xml:9:9-35
	android:allowBackup
		ADDED from src\main\AndroidManifest.xml:6:9-35
	android:icon
		ADDED from src\main\AndroidManifest.xml:7:9-43
	android:theme
		ADDED from src\main\AndroidManifest.xml:10:9-40
activity#com.example.pablo.spaceinvaders.Inicio
ADDED from src\main\AndroidManifest.xml:11:9-20:20
	android:screenOrientation
		ADDED from src\main\AndroidManifest.xml:13:13-50
	android:theme
		ADDED from src\main\AndroidManifest.xml:12:13-71
	android:name
		ADDED from src\main\AndroidManifest.xml:11:19-41
intent-filter#android.intent.action.MAIN+android.intent.category.LAUNCHER
ADDED from src\main\AndroidManifest.xml:15:13-19:29
action#android.intent.action.MAIN
ADDED from src\main\AndroidManifest.xml:16:17-69
	android:name
		ADDED from src\main\AndroidManifest.xml:16:25-66
category#android.intent.category.LAUNCHER
ADDED from src\main\AndroidManifest.xml:18:17-77
	android:name
		ADDED from src\main\AndroidManifest.xml:18:27-74
activity#com.example.pablo.spaceinvaders.SpaceInvadersActivity
ADDED from src\main\AndroidManifest.xml:21:9-30:20
	android:screenOrientation
		ADDED from src\main\AndroidManifest.xml:23:13-50
	android:theme
		ADDED from src\main\AndroidManifest.xml:22:13-71
	android:name
		ADDED from src\main\AndroidManifest.xml:21:19-56
intent-filter#android.intent.category.DEFAULT+com.example.pablo.spaceinvaders.SPACEINVADERSACTIVITY
ADDED from src\main\AndroidManifest.xml:25:13-29:29
action#com.example.pablo.spaceinvaders.SPACEINVADERSACTIVITY
ADDED from src\main\AndroidManifest.xml:26:17-96
	android:name
		ADDED from src\main\AndroidManifest.xml:26:25-93
category#android.intent.category.DEFAULT
ADDED from src\main\AndroidManifest.xml:28:17-76
	android:name
		ADDED from src\main\AndroidManifest.xml:28:27-73
activity#com.example.pablo.spaceinvaders.ClaseControles
ADDED from src\main\AndroidManifest.xml:31:9-41:20
	android:screenOrientation
		ADDED from src\main\AndroidManifest.xml:33:13-50
	android:theme
		ADDED from src\main\AndroidManifest.xml:32:13-71
	android:name
		ADDED from src\main\AndroidManifest.xml:31:19-49
intent-filter#android.intent.category.DEFAULT+com.example.pablo.spaceinvaders.CLASECONTROLES
ADDED from src\main\AndroidManifest.xml:35:13-39:29
action#com.example.pablo.spaceinvaders.CLASECONTROLES
ADDED from src\main\AndroidManifest.xml:36:17-89
	android:name
		ADDED from src\main\AndroidManifest.xml:36:25-86
activity#com.example.pablo.spaceinvaders.ClaseNaves
ADDED from src\main\AndroidManifest.xml:42:9-50:20
	android:screenOrientation
		ADDED from src\main\AndroidManifest.xml:44:13-50
	android:theme
		ADDED from src\main\AndroidManifest.xml:43:13-71
	android:name
		ADDED from src\main\AndroidManifest.xml:42:19-45
intent-filter#android.intent.category.DEFAULT+com.example.pablo.spaceinvaders.CLASENAVES
ADDED from src\main\AndroidManifest.xml:46:13-49:29
action#com.example.pablo.spaceinvaders.CLASENAVES
ADDED from src\main\AndroidManifest.xml:47:17-85
	android:name
		ADDED from src\main\AndroidManifest.xml:47:25-82
activity#com.example.pablo.spaceinvaders.GameOver
ADDED from src\main\AndroidManifest.xml:52:9-60:20
	android:screenOrientation
		ADDED from src\main\AndroidManifest.xml:54:13-50
	android:theme
		ADDED from src\main\AndroidManifest.xml:53:13-71
	android:name
		ADDED from src\main\AndroidManifest.xml:52:19-43
intent-filter#android.intent.category.DEFAULT+com.example.pablo.spaceinvaders.GAMEOVER
ADDED from src\main\AndroidManifest.xml:56:13-59:29
action#com.example.pablo.spaceinvaders.GAMEOVER
ADDED from src\main\AndroidManifest.xml:57:17-83
	android:name
		ADDED from src\main\AndroidManifest.xml:57:25-80
uses-sdk
INJECTED from src\main\AndroidManifest.xml reason: use-sdk injection requested
MERGED from [com.android.support:appcompat-v7:24.2.1] AndroidManifest.xml:21:5-23:78
MERGED from [com.android.support:support-v4:24.2.1] AndroidManifest.xml:21:5-23:54
MERGED from [com.android.support:support-fragment:24.2.1] AndroidManifest.xml:21:5-23:60
MERGED from [com.android.support:support-media-compat:24.2.1] AndroidManifest.xml:21:5-23:63
MERGED from [com.android.support:support-core-ui:24.2.1] AndroidManifest.xml:21:5-23:58
MERGED from [com.android.support:support-core-utils:24.2.1] AndroidManifest.xml:21:5-23:61
MERGED from [com.android.support:animated-vector-drawable:24.2.1] AndroidManifest.xml:20:5-44
MERGED from [com.android.support:support-vector-drawable:24.2.1] AndroidManifest.xml:21:5-43
MERGED from [com.android.support:support-compat:24.2.1] AndroidManifest.xml:21:5-23:58
	tools:overrideLibrary
		ADDED from [com.android.support:appcompat-v7:24.2.1] AndroidManifest.xml:23:9-75
	android:targetSdkVersion
		INJECTED from src\main\AndroidManifest.xml
		INJECTED from src\main\AndroidManifest.xml
	android:minSdkVersion
		INJECTED from src\main\AndroidManifest.xml
		INJECTED from src\main\AndroidManifest.xml